  main.cpp
  VulkanCommandBuffer.cpp
  VulkanCommandPool.cpp
  VulkanDevice.cpp
D:\Vulkan\Vulkan\Vulkan\VulkanDevice.cpp(158,20): warning C4018: “<”: 有符号/无符号不匹配
D:\Vulkan\Vulkan\Vulkan\VulkanDevice.cpp(169,20): warning C4018: “<”: 有符号/无符号不匹配
D:\Vulkan\Vulkan\Vulkan\VulkanDevice.cpp(235,20): warning C4018: “<”: 有符号/无符号不匹配
  VulkanInstance.cpp
  VulkanPipeline.cpp
D:\Vulkan\Vulkan\Vulkan\VulkanPipeline.cpp(255,29): warning C4244: “=”: 从“float”转换到“uint32_t”，可能丢失数据
D:\Vulkan\Vulkan\Vulkan\VulkanPipeline.cpp(256,30): warning C4244: “=”: 从“float”转换到“uint32_t”，可能丢失数据
  VulkanShader.cpp
  VulkanSwapChain.cpp
  VulkanVertShader.cpp
LINK : warning LNK4098: 默认库“MSVCRTD”与其他库的使用冲突；请使用 /NODEFAULTLIB:library
  正在生成代码
  Previous IPDB not found, fall back to full compilation.
  All 622 functions were compiled because no usable IPDB/IOBJ from previous compilation was found.
  已完成代码的生成
  Vulkan.vcxproj -> D:\Vulkan\Vulkan\x64\Release\Vulkan.exe
