d:\vulkan\vulkan\vulkan\x64\debug\vc142.pdb
d:\vulkan\vulkan\vulkan\x64\debug\vc142.idb
d:\vulkan\vulkan\vulkan\x64\debug\main.obj
d:\vulkan\vulkan\vulkan\x64\debug\vulkaninstance.obj
d:\vulkan\vulkan\vulkan\x64\debug\vulkandevice.obj
d:\vulkan\vulkan\vulkan\x64\debug\vulkancommandpool.obj
d:\vulkan\vulkan\vulkan\x64\debug\vulkancommandbuffer.obj
d:\vulkan\vulkan\vulkan\x64\debug\vulkanswapchain.obj
d:\vulkan\vulkan\vulkan\x64\debug\vulkanshader.obj
d:\vulkan\vulkan\vulkan\x64\debug\vulkanvertshader.obj
d:\vulkan\vulkan\vulkan\x64\debug\vulkanpipeline.obj
d:\vulkan\vulkan\vulkan\x64\debug\vulkanframebuffer.obj
d:\vulkan\vulkan\vulkan\x64\debug\vulkansurface.obj
d:\vulkan\vulkan\vulkan\x64\debug\vulkangpu.obj
d:\vulkan\vulkan\vulkan\x64\debug\vulkanglobal.obj
d:\vulkan\vulkan\vulkan\x64\debug\vulkangpumanager.obj
d:\vulkan\vulkan\vulkan\x64\debug\vulkanpipelinelayout.obj
d:\vulkan\vulkan\vulkan\x64\debug\vulkanswapchainkhr.obj
d:\vulkan\vulkan\vulkan\x64\debug\vulkanrenderpass.obj
d:\vulkan\vulkan\vulkan\x64\debug\vulkanimageview.obj
d:\vulkan\vulkan\vulkan\x64\debug\vertexdata.obj
d:\vulkan\vulkan\vulkan\x64\debug\vulkanvertexbufferbase.obj
d:\vulkan\vulkan\vulkan\x64\debug\vulkanhostvisiblevertexbuffer.obj
d:\vulkan\vulkan\vulkan\x64\debug\vulkanqueue.obj
d:\vulkan\vulkan\vulkan\x64\debug\vulkandevicelocalvertexbuffer.obj
d:\vulkan\vulkan\vulkan\x64\debug\vulkanrenderpassbegincommand.obj
d:\vulkan\vulkan\vulkan\x64\debug\vulkancommandbase.obj
d:\vulkan\vulkan\vulkan\x64\debug\vulkanbindpipelinecommand.obj
d:\vulkan\vulkan\vulkan\x64\debug\vulkandrawcommand.obj
d:\vulkan\vulkan\vulkan\x64\debug\vulkansemaphore.obj
d:\vulkan\vulkan\vulkan\x64\debug\vulkanfence.obj
d:\vulkan\vulkan\vulkan\x64\debug\vulkanbuffer.obj
d:\vulkan\vulkan\vulkan\x64\debug\vulkanuniformbuffer.obj
d:\vulkan\vulkan\vulkan\x64\debug\vulkandescriptorsetlayout.obj
d:\vulkan\vulkan\vulkan\x64\debug\vulkandescriptorset.obj
d:\vulkan\vulkan\vulkan\x64\debug\vulkandescriptorpool.obj
d:\vulkan\vulkan\vulkan\x64\debug\vulkandevicelocalindexbuffer.obj
d:\vulkan\vulkan\vulkan\x64\debug\vulkanhostvisibleindexbuffer.obj
d:\vulkan\vulkan\vulkan\x64\debug\vulkanimage.obj
d:\vulkan\vulkan\vulkan\x64\debug\imagedata.obj
d:\vulkan\vulkan\vulkan\x64\debug\vulkanimagehostvisiblebuffer.obj
d:\vulkan\vulkan\vulkan\x64\debug\vulkandevicelocalimage.obj
d:\vulkan\vulkan\x64\debug\vulkan.exe
d:\vulkan\vulkan\x64\debug\vulkan.ilk
d:\vulkan\vulkan\x64\debug\vulkan.pdb
d:\vulkan\vulkan\vulkan\x64\debug\vulkanvertexbuffer.obj
d:\vulkan\vulkan\vulkan\x64\debug\main.obj.enc
d:\vulkan\vulkan\vulkan\x64\debug\vulkandevice.obj.enc
d:\vulkan\vulkan\vulkan\x64\debug\vulkandevicelocalimage.obj.enc
d:\vulkan\vulkan\vulkan\x64\debug\vulkaninstance.obj.enc
d:\vulkan\vulkan\vulkan\x64\debug\vulkanpipeline.obj.enc
d:\vulkan\vulkan\vulkan\x64\debug\vulkan.tlog\cl.command.1.tlog
d:\vulkan\vulkan\vulkan\x64\debug\vulkan.tlog\cl.read.1.tlog
d:\vulkan\vulkan\vulkan\x64\debug\vulkan.tlog\cl.write.1.tlog
d:\vulkan\vulkan\vulkan\x64\debug\vulkan.tlog\link.command.1.tlog
d:\vulkan\vulkan\vulkan\x64\debug\vulkan.tlog\link.read.1.tlog
d:\vulkan\vulkan\vulkan\x64\debug\vulkan.tlog\link.write.1.tlog
